0 info it worked if it ends with ok
1 verbose cli [ '/usr/local/bin/node',
1 verbose cli   '/usr/local/bin/npm',
1 verbose cli   'install',
1 verbose cli   '--save',
1 verbose cli   'eventemitter2' ]
2 info using npm@2.15.5
3 info using node@v4.4.6
4 verbose install initial load of /home/cfeng/Desktop/spotcore/package.json
5 warn package.json react-widget@1.0.0 No repository field.
6 warn package.json react-widget@1.0.0 No README data
7 verbose installManyTop reading scoped package data from /home/cfeng/Desktop/spotcore/node_modules/axios/package.json
8 verbose installManyTop reading scoped package data from /home/cfeng/Desktop/spotcore/node_modules/babel-core/package.json
9 verbose installManyTop reading scoped package data from /home/cfeng/Desktop/spotcore/node_modules/babel-loader/package.json
10 verbose installManyTop reading scoped package data from /home/cfeng/Desktop/spotcore/node_modules/babel-preset-es2015/package.json
11 verbose installManyTop reading scoped package data from /home/cfeng/Desktop/spotcore/node_modules/babel-preset-react/package.json
12 verbose installManyTop reading scoped package data from /home/cfeng/Desktop/spotcore/node_modules/lodash/package.json
13 verbose installManyTop reading scoped package data from /home/cfeng/Desktop/spotcore/node_modules/mousetrap/package.json
14 verbose installManyTop reading scoped package data from /home/cfeng/Desktop/spotcore/node_modules/paper/package.json
15 verbose installManyTop reading scoped package data from /home/cfeng/Desktop/spotcore/node_modules/react/package.json
16 verbose installManyTop reading scoped package data from /home/cfeng/Desktop/spotcore/node_modules/react-dom/package.json
17 verbose installManyTop reading scoped package data from /home/cfeng/Desktop/spotcore/node_modules/react-redux/package.json
18 verbose installManyTop reading scoped package data from /home/cfeng/Desktop/spotcore/node_modules/react-router/package.json
19 verbose installManyTop reading scoped package data from /home/cfeng/Desktop/spotcore/node_modules/redux/package.json
20 verbose installManyTop reading scoped package data from /home/cfeng/Desktop/spotcore/node_modules/redux-thunk/package.json
21 verbose installManyTop reading scoped package data from /home/cfeng/Desktop/spotcore/node_modules/webpack/package.json
22 info package.json axios@0.15.2 No README data
23 info package.json mousetrap@1.6.0 license should be a valid SPDX license expression
24 verbose readDependencies loading dependencies from /home/cfeng/Desktop/spotcore/package.json
25 silly cache add args [ 'eventemitter2', null ]
26 verbose cache add spec eventemitter2
27 silly cache add parsed spec Result {
27 silly cache add   raw: 'eventemitter2',
27 silly cache add   scope: null,
27 silly cache add   name: 'eventemitter2',
27 silly cache add   rawSpec: '',
27 silly cache add   spec: 'latest',
27 silly cache add   type: 'tag' }
28 silly addNamed eventemitter2@latest
29 verbose addNamed "latest" is being treated as a dist-tag for eventemitter2
30 info addNameTag [ 'eventemitter2', 'latest' ]
31 silly mapToRegistry name eventemitter2
32 silly mapToRegistry using default registry
33 silly mapToRegistry registry https://registry.npmjs.org/
34 silly mapToRegistry data Result {
34 silly mapToRegistry   raw: 'eventemitter2',
34 silly mapToRegistry   scope: null,
34 silly mapToRegistry   name: 'eventemitter2',
34 silly mapToRegistry   rawSpec: '',
34 silly mapToRegistry   spec: 'latest',
34 silly mapToRegistry   type: 'tag' }
35 silly mapToRegistry uri https://registry.npmjs.org/eventemitter2
36 verbose addNameTag registry:https://registry.npmjs.org/eventemitter2 not in flight; fetching
37 verbose request uri https://registry.npmjs.org/eventemitter2
38 verbose request no auth needed
39 info attempt registry request try #1 at 11:49:25 AM
40 verbose request id 946c8f541dcd5b5c
41 verbose etag "3HLLEB8W3A1BX6GGEV0R8RCZ0"
42 http request GET https://registry.npmjs.org/eventemitter2
43 info retry will retry, error on last attempt: Error: getaddrinfo ENOTFOUND registry.npmjs.org registry.npmjs.org:443
44 info attempt registry request try #2 at 11:49:45 AM
45 verbose etag "3HLLEB8W3A1BX6GGEV0R8RCZ0"
46 http request GET https://registry.npmjs.org/eventemitter2
47 info retry will retry, error on last attempt: Error: getaddrinfo ENOTFOUND registry.npmjs.org registry.npmjs.org:443
48 info attempt registry request try #3 at 11:50:55 AM
49 verbose etag "3HLLEB8W3A1BX6GGEV0R8RCZ0"
50 http request GET https://registry.npmjs.org/eventemitter2
51 silly get cb [ 304, undefined ]
52 verbose etag https://registry.npmjs.org/eventemitter2 from cache
53 verbose get saving eventemitter2 to /home/cfeng/.npm/registry.npmjs.org/eventemitter2/.cache.json
54 verbose correctMkdir /home/cfeng/.npm correctMkdir not in flight; initializing
55 silly addNameTag next cb for eventemitter2 with tag latest
56 silly addNamed eventemitter2@2.1.3
57 verbose addNamed "2.1.3" is a plain semver version for eventemitter2
58 silly mapToRegistry name eventemitter2
59 silly mapToRegistry using default registry
60 silly mapToRegistry registry https://registry.npmjs.org/
61 silly mapToRegistry data Result {
61 silly mapToRegistry   raw: 'eventemitter2',
61 silly mapToRegistry   scope: null,
61 silly mapToRegistry   name: 'eventemitter2',
61 silly mapToRegistry   rawSpec: '',
61 silly mapToRegistry   spec: 'latest',
61 silly mapToRegistry   type: 'tag' }
62 silly mapToRegistry uri https://registry.npmjs.org/eventemitter2
63 verbose addRemoteTarball https://registry.npmjs.org/eventemitter2/-/eventemitter2-2.1.3.tgz not in flight; adding
64 verbose addRemoteTarball [ 'https://registry.npmjs.org/eventemitter2/-/eventemitter2-2.1.3.tgz',
64 verbose addRemoteTarball   'bd7201f85c59548380e1e43b3f6a7286d4da7349' ]
65 info retry fetch attempt 1 at 11:51:05 AM
66 info attempt registry request try #1 at 11:51:05 AM
67 http fetch GET https://registry.npmjs.org/eventemitter2/-/eventemitter2-2.1.3.tgz
68 info retry will retry, error on last attempt: Error: getaddrinfo ENOTFOUND registry.npmjs.org registry.npmjs.org:443
69 info attempt registry request try #2 at 11:51:25 AM
70 http fetch GET https://registry.npmjs.org/eventemitter2/-/eventemitter2-2.1.3.tgz
71 info retry will retry, error on last attempt: Error: getaddrinfo ENOTFOUND registry.npmjs.org registry.npmjs.org:443
72 info attempt registry request try #3 at 11:52:35 AM
73 http fetch GET https://registry.npmjs.org/eventemitter2/-/eventemitter2-2.1.3.tgz
74 error fetch failed https://registry.npmjs.org/eventemitter2/-/eventemitter2-2.1.3.tgz
75 warn retry will retry, error on last attempt: Error: getaddrinfo ENOTFOUND registry.npmjs.org registry.npmjs.org:443
76 info retry fetch attempt 2 at 11:52:55 AM
77 info attempt registry request try #1 at 11:52:55 AM
78 http fetch GET https://registry.npmjs.org/eventemitter2/-/eventemitter2-2.1.3.tgz
79 info retry will retry, error on last attempt: Error: getaddrinfo ENOTFOUND registry.npmjs.org registry.npmjs.org:443
80 info attempt registry request try #2 at 11:53:15 AM
81 http fetch GET https://registry.npmjs.org/eventemitter2/-/eventemitter2-2.1.3.tgz
82 info retry will retry, error on last attempt: Error: getaddrinfo ENOTFOUND registry.npmjs.org registry.npmjs.org:443
83 info attempt registry request try #3 at 11:54:25 AM
84 http fetch GET https://registry.npmjs.org/eventemitter2/-/eventemitter2-2.1.3.tgz
85 error fetch failed https://registry.npmjs.org/eventemitter2/-/eventemitter2-2.1.3.tgz
86 warn retry will retry, error on last attempt: Error: getaddrinfo ENOTFOUND registry.npmjs.org registry.npmjs.org:443
87 info retry fetch attempt 3 at 11:55:35 AM
88 info attempt registry request try #1 at 11:55:35 AM
89 http fetch GET https://registry.npmjs.org/eventemitter2/-/eventemitter2-2.1.3.tgz
90 info retry will retry, error on last attempt: Error: getaddrinfo ENOTFOUND registry.npmjs.org registry.npmjs.org:443
91 info attempt registry request try #2 at 11:55:55 AM
92 http fetch GET https://registry.npmjs.org/eventemitter2/-/eventemitter2-2.1.3.tgz
93 info retry will retry, error on last attempt: Error: getaddrinfo ENOTFOUND registry.npmjs.org registry.npmjs.org:443
94 info attempt registry request try #3 at 11:57:05 AM
95 http fetch GET https://registry.npmjs.org/eventemitter2/-/eventemitter2-2.1.3.tgz
96 error fetch failed https://registry.npmjs.org/eventemitter2/-/eventemitter2-2.1.3.tgz
97 verbose stack Error: getaddrinfo ENOTFOUND registry.npmjs.org registry.npmjs.org:443
97 verbose stack     at errnoException (dns.js:27:10)
97 verbose stack     at GetAddrInfoReqWrap.onlookup [as oncomplete] (dns.js:78:26)
98 verbose cwd /home/cfeng/Desktop/spotcore
99 error Linux 4.2.0-27-generic
100 error argv "/usr/local/bin/node" "/usr/local/bin/npm" "install" "--save" "eventemitter2"
101 error node v4.4.6
102 error npm  v2.15.5
103 error code ENOTFOUND
104 error errno ENOTFOUND
105 error syscall getaddrinfo
106 error network getaddrinfo ENOTFOUND registry.npmjs.org registry.npmjs.org:443
106 error network This is most likely not a problem with npm itself
106 error network and is related to network connectivity.
106 error network In most cases you are behind a proxy or have bad network settings.
106 error network
106 error network If you are behind a proxy, please make sure that the
106 error network 'proxy' config is set properly.  See: 'npm help config'
107 verbose exit [ 1, true ]
